This is pdfTeX, Version 3.1415926-2.5-1.40.14 (TeX Live 2013) (format=pdflatex 2013.11.29)  18 DEC 2016 13:35
entering extended mode
 restricted \write18 enabled.
 %&-line parsing enabled.
**WOM_AGILE.tex
(./WOM_AGILE.tex
LaTeX2e <2011/06/27>
Babel <3.9f> and hyphenation patterns for 78 languages loaded.
(/Users/womullan/otherdocs/LSST/TEXDOC/texmf/tex/latex/lsst/lsstbeamer.cls
Document Class: lsstbeamer 2016/12/13 v1.0 LSST Beamer class 
(/usr/local/texlive/2013/texmf-dist/tex/latex/beamer/beamer.cls
(/usr/local/texlive/2013/texmf-dist/tex/latex/beamer/beamerbasercs.sty
Package: beamerbasercs 2013/01/04 (rcs-revision 9a97a4eee358)
)
Document Class: beamer 2013/01/04 3.26 A class for typesetting presentations (r
cs-revision e81e0c94bcc6)
(/usr/local/texlive/2013/texmf-dist/tex/latex/beamer/beamerbasemodes.sty
Package: beamerbasemodes 2012/04/15 (rcs-revision cc6557182d97)
\beamer@tempbox=\box26
\beamer@tempcount=\count79
\c@beamerpauses=\count80

(/usr/local/texlive/2013/texmf-dist/tex/latex/beamer/beamerbasedecode.sty
Package: beamerbasedecode 2010/05/01 (rcs-revision efa082c6111d)
\beamer@slideinframe=\count81
\beamer@minimum=\count82
)
\beamer@commentbox=\box27
\beamer@modecount=\count83
)
(/usr/local/texlive/2013/texmf-dist/tex/generic/oberdiek/ifpdf.sty
Package: ifpdf 2011/01/30 v2.3 Provides the ifpdf switch (HO)
Package ifpdf Info: pdfTeX in PDF mode is detected.
)
\headheight=\dimen102
\headdp=\dimen103
\footheight=\dimen104
\sidebarheight=\dimen105
\beamer@tempdim=\dimen106
\beamer@finalheight=\dimen107
\beamer@animht=\dimen108
\beamer@animdp=\dimen109
\beamer@animwd=\dimen110
\beamer@leftmargin=\dimen111
\beamer@rightmargin=\dimen112
\beamer@leftsidebar=\dimen113
\beamer@rightsidebar=\dimen114
\beamer@boxsize=\dimen115
\beamer@vboxoffset=\dimen116
\beamer@descdefault=\dimen117
\beamer@descriptionwidth=\dimen118
\beamer@lastskip=\skip41
\beamer@areabox=\box28
\beamer@animcurrent=\box29
\beamer@animshowbox=\box30
\beamer@sectionbox=\box31
\beamer@logobox=\box32
\beamer@linebox=\box33
\beamer@sectioncount=\count84
\beamer@subsubsectionmax=\count85
\beamer@subsectionmax=\count86
\beamer@sectionmax=\count87
\beamer@totalheads=\count88
\beamer@headcounter=\count89
\beamer@partstartpage=\count90
\beamer@sectionstartpage=\count91
\beamer@subsectionstartpage=\count92
\beamer@animationtempa=\count93
\beamer@animationtempb=\count94
\beamer@xpos=\count95
\beamer@ypos=\count96
\beamer@showpartnumber=\count97
\beamer@currentsubsection=\count98
\beamer@coveringdepth=\count99
\beamer@sectionadjust=\count100
\beamer@tocsectionnumber=\count101

(/usr/local/texlive/2013/texmf-dist/tex/latex/beamer/beamerbaseoptions.sty
Package: beamerbaseoptions 2010/04/27 (rcs-revision 982469101dd6)

(/usr/local/texlive/2013/texmf-dist/tex/latex/graphics/keyval.sty
Package: keyval 1999/03/16 v1.13 key=value parser (DPC)
\KV@toks@=\toks14
))
\beamer@paperwidth=\skip42
\beamer@paperheight=\skip43

(/usr/local/texlive/2013/texmf-dist/tex/latex/geometry/geometry.sty
Package: geometry 2010/09/12 v5.6 Page Geometry

(/usr/local/texlive/2013/texmf-dist/tex/generic/oberdiek/ifvtex.sty
Package: ifvtex 2010/03/01 v1.5 Detect VTeX and its facilities (HO)
Package ifvtex Info: VTeX not detected.
)
(/usr/local/texlive/2013/texmf-dist/tex/generic/ifxetex/ifxetex.sty
Package: ifxetex 2010/09/12 v0.6 Provides ifxetex conditional
)
\Gm@cnth=\count102
\Gm@cntv=\count103
\c@Gm@tempcnt=\count104
\Gm@bindingoffset=\dimen119
\Gm@wd@mp=\dimen120
\Gm@odd@mp=\dimen121
\Gm@even@mp=\dimen122
\Gm@layoutwidth=\dimen123
\Gm@layoutheight=\dimen124
\Gm@layouthoffset=\dimen125
\Gm@layoutvoffset=\dimen126
\Gm@dimlist=\toks15
)
(/usr/local/texlive/2013/texmf-dist/tex/latex/base/size11.clo
File: size11.clo 2007/10/19 v1.4h Standard LaTeX file (size option)
)
(/Users/womullan/esac-git/sre-od/common/texmf/tex/latex/pgf/basiclayer/pgfcore.
sty (/usr/local/texlive/2013/texmf-dist/tex/latex/graphics/graphicx.sty
Package: graphicx 1999/02/16 v1.0f Enhanced LaTeX Graphics (DPC,SPQR)

(/usr/local/texlive/2013/texmf-dist/tex/latex/graphics/graphics.sty
Package: graphics 2009/02/05 v1.0o Standard LaTeX Graphics (DPC,SPQR)

(/usr/local/texlive/2013/texmf-dist/tex/latex/graphics/trig.sty
Package: trig 1999/03/16 v1.09 sin cos tan (DPC)
)
(/usr/local/texlive/2013/texmf-dist/tex/latex/latexconfig/graphics.cfg
File: graphics.cfg 2010/04/23 v1.9 graphics configuration of TeX Live
)
Package graphics Info: Driver file: pdftex.def on input line 91.

(/usr/local/texlive/2013/texmf-dist/tex/latex/pdftex-def/pdftex.def
File: pdftex.def 2011/05/27 v0.06d Graphics/color for pdfTeX

(/usr/local/texlive/2013/texmf-dist/tex/generic/oberdiek/infwarerr.sty
Package: infwarerr 2010/04/08 v1.3 Providing info/warning/error messages (HO)
)
(/usr/local/texlive/2013/texmf-dist/tex/generic/oberdiek/ltxcmds.sty
Package: ltxcmds 2011/11/09 v1.22 LaTeX kernel commands for general use (HO)
)
\Gread@gobject=\count105
))
\Gin@req@height=\dimen127
\Gin@req@width=\dimen128
)
(/Users/womullan/esac-git/sre-od/common/texmf/tex/latex/pgf/systemlayer/pgfsys.
sty
(/Users/womullan/esac-git/sre-od/common/texmf/tex/latex/pgf/utilities/pgfrcs.st
y
(/Users/womullan/esac-git/sre-od/common/texmf/tex/generic/pgf/utilities/pgfutil
-common.tex
\pgfutil@everybye=\toks16
)
(/Users/womullan/esac-git/sre-od/common/texmf/tex/generic/pgf/utilities/pgfutil
-latex.def
\pgfutil@abb=\box34
 (/usr/local/texlive/2013/texmf-dist/tex/latex/ms/everyshi.sty
Package: everyshi 2001/05/15 v3.00 EveryShipout Package (MS)
))
(/Users/womullan/esac-git/sre-od/common/texmf/tex/generic/pgf/utilities/pgfrcs.
code.tex
Package: pgfrcs 2010/10/25 v2.10 (rcs-revision 1.24)
))
(/Users/womullan/esac-git/sre-od/common/texmf/tex/generic/pgf/systemlayer/pgfsy
s.code.tex
Package: pgfsys 2010/06/30 v2.10 (rcs-revision 1.37)

(/Users/womullan/esac-git/sre-od/common/texmf/tex/generic/pgf/utilities/pgfkeys
.code.tex
\pgfkeys@pathtoks=\toks17
\pgfkeys@temptoks=\toks18

(/Users/womullan/esac-git/sre-od/common/texmf/tex/generic/pgf/utilities/pgfkeys
filtered.code.tex
\pgfkeys@tmptoks=\toks19
))
\pgf@x=\dimen129
\pgf@y=\dimen130
\pgf@xa=\dimen131
\pgf@ya=\dimen132
\pgf@xb=\dimen133
\pgf@yb=\dimen134
\pgf@xc=\dimen135
\pgf@yc=\dimen136
\w@pgf@writea=\write3
\r@pgf@reada=\read1
\c@pgf@counta=\count106
\c@pgf@countb=\count107
\c@pgf@countc=\count108
\c@pgf@countd=\count109

(/Users/womullan/esac-git/sre-od/common/texmf/tex/generic/pgf/systemlayer/pgf.c
fg
File: pgf.cfg 2008/05/14  (rcs-revision 1.7)
)
Package pgfsys Info: Driver file for pgf: pgfsys-pdftex.def on input line 900.

(/Users/womullan/esac-git/sre-od/common/texmf/tex/generic/pgf/systemlayer/pgfsy
s-pdftex.def
File: pgfsys-pdftex.def 2009/05/22  (rcs-revision 1.26)

(/Users/womullan/esac-git/sre-od/common/texmf/tex/generic/pgf/systemlayer/pgfsy
s-common-pdf.def
File: pgfsys-common-pdf.def 2008/05/19  (rcs-revision 1.10)
)))
(/Users/womullan/esac-git/sre-od/common/texmf/tex/generic/pgf/systemlayer/pgfsy
ssoftpath.code.tex
File: pgfsyssoftpath.code.tex 2008/07/18  (rcs-revision 1.7)
\pgfsyssoftpath@smallbuffer@items=\count110
\pgfsyssoftpath@bigbuffer@items=\count111
)
(/Users/womullan/esac-git/sre-od/common/texmf/tex/generic/pgf/systemlayer/pgfsy
sprotocol.code.tex
File: pgfsysprotocol.code.tex 2006/10/16  (rcs-revision 1.4)
))
(/usr/local/texlive/2013/texmf-dist/tex/latex/xcolor/xcolor.sty
Package: xcolor 2007/01/21 v2.11 LaTeX color extensions (UK)

(/usr/local/texlive/2013/texmf-dist/tex/latex/latexconfig/color.cfg
File: color.cfg 2007/01/18 v1.5 color configuration of teTeX/TeXLive
)
Package xcolor Info: Driver file: pdftex.def on input line 225.
Package xcolor Info: Model `cmy' substituted by `cmy0' on input line 1337.
Package xcolor Info: Model `hsb' substituted by `rgb' on input line 1341.
Package xcolor Info: Model `RGB' extended on input line 1353.
Package xcolor Info: Model `HTML' substituted by `rgb' on input line 1355.
Package xcolor Info: Model `Hsb' substituted by `hsb' on input line 1356.
Package xcolor Info: Model `tHsb' substituted by `hsb' on input line 1357.
Package xcolor Info: Model `HSB' substituted by `hsb' on input line 1358.
Package xcolor Info: Model `Gray' substituted by `gray' on input line 1359.
Package xcolor Info: Model `wave' substituted by `hsb' on input line 1360.
)
(/Users/womullan/esac-git/sre-od/common/texmf/tex/generic/pgf/basiclayer/pgfcor
e.code.tex
Package: pgfcore 2010/04/11 v2.10 (rcs-revision 1.7)

(/Users/womullan/esac-git/sre-od/common/texmf/tex/generic/pgf/math/pgfmath.code
.tex
(/Users/womullan/esac-git/sre-od/common/texmf/tex/generic/pgf/math/pgfmathcalc.
code.tex
(/Users/womullan/esac-git/sre-od/common/texmf/tex/generic/pgf/math/pgfmathutil.
code.tex)
(/Users/womullan/esac-git/sre-od/common/texmf/tex/generic/pgf/math/pgfmathparse
r.code.tex
\pgfmath@dimen=\dimen137
\pgfmath@count=\count112
\pgfmath@box=\box35
\pgfmath@toks=\toks20
\pgfmath@stack@operand=\toks21
\pgfmath@stack@operation=\toks22
)
(/Users/womullan/esac-git/sre-od/common/texmf/tex/generic/pgf/math/pgfmathfunct
ions.code.tex
(/Users/womullan/esac-git/sre-od/common/texmf/tex/generic/pgf/math/pgfmathfunct
ions.basic.code.tex)
(/Users/womullan/esac-git/sre-od/common/texmf/tex/generic/pgf/math/pgfmathfunct
ions.trigonometric.code.tex)
(/Users/womullan/esac-git/sre-od/common/texmf/tex/generic/pgf/math/pgfmathfunct
ions.random.code.tex)
(/Users/womullan/esac-git/sre-od/common/texmf/tex/generic/pgf/math/pgfmathfunct
ions.comparison.code.tex)
(/Users/womullan/esac-git/sre-od/common/texmf/tex/generic/pgf/math/pgfmathfunct
ions.base.code.tex)
(/Users/womullan/esac-git/sre-od/common/texmf/tex/generic/pgf/math/pgfmathfunct
ions.round.code.tex)
(/Users/womullan/esac-git/sre-od/common/texmf/tex/generic/pgf/math/pgfmathfunct
ions.misc.code.tex)))
(/Users/womullan/esac-git/sre-od/common/texmf/tex/generic/pgf/math/pgfmathfloat
.code.tex
\c@pgfmathroundto@lastzeros=\count113
))
(/Users/womullan/esac-git/sre-od/common/texmf/tex/generic/pgf/basiclayer/pgfcor
epoints.code.tex
File: pgfcorepoints.code.tex 2010/04/09  (rcs-revision 1.20)
\pgf@picminx=\dimen138
\pgf@picmaxx=\dimen139
\pgf@picminy=\dimen140
\pgf@picmaxy=\dimen141
\pgf@pathminx=\dimen142
\pgf@pathmaxx=\dimen143
\pgf@pathminy=\dimen144
\pgf@pathmaxy=\dimen145
\pgf@xx=\dimen146
\pgf@xy=\dimen147
\pgf@yx=\dimen148
\pgf@yy=\dimen149
\pgf@zx=\dimen150
\pgf@zy=\dimen151
)
(/Users/womullan/esac-git/sre-od/common/texmf/tex/generic/pgf/basiclayer/pgfcor
epathconstruct.code.tex
File: pgfcorepathconstruct.code.tex 2010/08/03  (rcs-revision 1.24)
\pgf@path@lastx=\dimen152
\pgf@path@lasty=\dimen153
)
(/Users/womullan/esac-git/sre-od/common/texmf/tex/generic/pgf/basiclayer/pgfcor
epathusage.code.tex
File: pgfcorepathusage.code.tex 2008/04/22  (rcs-revision 1.12)
\pgf@shorten@end@additional=\dimen154
\pgf@shorten@start@additional=\dimen155
)
(/Users/womullan/esac-git/sre-od/common/texmf/tex/generic/pgf/basiclayer/pgfcor
escopes.code.tex
File: pgfcorescopes.code.tex 2010/09/08  (rcs-revision 1.34)
\pgfpic=\box36
\pgf@hbox=\box37
\pgf@layerbox@main=\box38
\pgf@picture@serial@count=\count114
)
(/Users/womullan/esac-git/sre-od/common/texmf/tex/generic/pgf/basiclayer/pgfcor
egraphicstate.code.tex
File: pgfcoregraphicstate.code.tex 2008/04/22  (rcs-revision 1.9)
\pgflinewidth=\dimen156
)
(/Users/womullan/esac-git/sre-od/common/texmf/tex/generic/pgf/basiclayer/pgfcor
etransformations.code.tex
File: pgfcoretransformations.code.tex 2009/06/10  (rcs-revision 1.11)
\pgf@pt@x=\dimen157
\pgf@pt@y=\dimen158
\pgf@pt@temp=\dimen159
)
(/Users/womullan/esac-git/sre-od/common/texmf/tex/generic/pgf/basiclayer/pgfcor
equick.code.tex
File: pgfcorequick.code.tex 2008/10/09  (rcs-revision 1.3)
)
(/Users/womullan/esac-git/sre-od/common/texmf/tex/generic/pgf/basiclayer/pgfcor
eobjects.code.tex
File: pgfcoreobjects.code.tex 2006/10/11  (rcs-revision 1.2)
)
(/Users/womullan/esac-git/sre-od/common/texmf/tex/generic/pgf/basiclayer/pgfcor
epathprocessing.code.tex
File: pgfcorepathprocessing.code.tex 2008/10/09  (rcs-revision 1.8)
)
(/Users/womullan/esac-git/sre-od/common/texmf/tex/generic/pgf/basiclayer/pgfcor
earrows.code.tex
File: pgfcorearrows.code.tex 2008/04/23  (rcs-revision 1.11)
)
(/Users/womullan/esac-git/sre-od/common/texmf/tex/generic/pgf/basiclayer/pgfcor
eshade.code.tex
File: pgfcoreshade.code.tex 2008/11/23  (rcs-revision 1.13)
\pgf@max=\dimen160
\pgf@sys@shading@range@num=\count115
)
(/Users/womullan/esac-git/sre-od/common/texmf/tex/generic/pgf/basiclayer/pgfcor
eimage.code.tex
File: pgfcoreimage.code.tex 2010/03/25  (rcs-revision 1.16)

(/Users/womullan/esac-git/sre-od/common/texmf/tex/generic/pgf/basiclayer/pgfcor
eexternal.code.tex
File: pgfcoreexternal.code.tex 2010/09/01  (rcs-revision 1.17)
\pgfexternal@startupbox=\box39
))
(/Users/womullan/esac-git/sre-od/common/texmf/tex/generic/pgf/basiclayer/pgfcor
elayers.code.tex
File: pgfcorelayers.code.tex 2010/08/27  (rcs-revision 1.2)
)
(/Users/womullan/esac-git/sre-od/common/texmf/tex/generic/pgf/basiclayer/pgfcor
etransparency.code.tex
File: pgfcoretransparency.code.tex 2008/01/17  (rcs-revision 1.2)
)
(/Users/womullan/esac-git/sre-od/common/texmf/tex/generic/pgf/basiclayer/pgfcor
epatterns.code.tex
File: pgfcorepatterns.code.tex 2009/07/02  (rcs-revision 1.3)
)))
(/Users/womullan/esac-git/sre-od/common/texmf/tex/latex/pgf/utilities/xxcolor.s
ty
Package: xxcolor 2003/10/24 ver 0.1
\XC@nummixins=\count116
\XC@countmixins=\count117
) (/usr/local/texlive/2013/texmf-dist/tex/latex/hyperref/hyperref.sty
Package: hyperref 2012/11/06 v6.83m Hypertext links for LaTeX

(/usr/local/texlive/2013/texmf-dist/tex/generic/oberdiek/hobsub-hyperref.sty
Package: hobsub-hyperref 2012/05/28 v1.13 Bundle oberdiek, subset hyperref (HO)


(/usr/local/texlive/2013/texmf-dist/tex/generic/oberdiek/hobsub-generic.sty
Package: hobsub-generic 2012/05/28 v1.13 Bundle oberdiek, subset generic (HO)
Package: hobsub 2012/05/28 v1.13 Construct package bundles (HO)
Package hobsub Info: Skipping package `infwarerr' (already loaded).
Package hobsub Info: Skipping package `ltxcmds' (already loaded).
Package: ifluatex 2010/03/01 v1.3 Provides the ifluatex switch (HO)
Package ifluatex Info: LuaTeX not detected.
Package hobsub Info: Skipping package `ifvtex' (already loaded).
Package: intcalc 2007/09/27 v1.1 Expandable calculations with integers (HO)
Package hobsub Info: Skipping package `ifpdf' (already loaded).
Package: etexcmds 2011/02/16 v1.5 Avoid name clashes with e-TeX commands (HO)
Package etexcmds Info: Could not find \expanded.
(etexcmds)             That can mean that you are not using pdfTeX 1.50 or
(etexcmds)             that some package has redefined \expanded.
(etexcmds)             In the latter case, load this package earlier.
Package: kvsetkeys 2012/04/25 v1.16 Key value parser (HO)
Package: kvdefinekeys 2011/04/07 v1.3 Define keys (HO)
Package: pdftexcmds 2011/11/29 v0.20 Utility functions of pdfTeX for LuaTeX (HO
)
Package pdftexcmds Info: LuaTeX not detected.
Package pdftexcmds Info: \pdf@primitive is available.
Package pdftexcmds Info: \pdf@ifprimitive is available.
Package pdftexcmds Info: \pdfdraftmode found.
Package: pdfescape 2011/11/25 v1.13 Implements pdfTeX's escape features (HO)
Package: bigintcalc 2012/04/08 v1.3 Expandable calculations on big integers (HO
)
Package: bitset 2011/01/30 v1.1 Handle bit-vector datatype (HO)
Package: uniquecounter 2011/01/30 v1.2 Provide unlimited unique counter (HO)
)
Package hobsub Info: Skipping package `hobsub' (already loaded).
Package: letltxmacro 2010/09/02 v1.4 Let assignment for LaTeX macros (HO)
Package: hopatch 2012/05/28 v1.2 Wrapper for package hooks (HO)
Package: xcolor-patch 2011/01/30 xcolor patch
Package: atveryend 2011/06/30 v1.8 Hooks at the very end of document (HO)
Package atveryend Info: \enddocument detected (standard20110627).
Package: atbegshi 2011/10/05 v1.16 At begin shipout hook (HO)
Package: refcount 2011/10/16 v3.4 Data extraction from label references (HO)
Package: hycolor 2011/01/30 v1.7 Color options for hyperref/bookmark (HO)
)
(/usr/local/texlive/2013/texmf-dist/tex/latex/oberdiek/auxhook.sty
Package: auxhook 2011/03/04 v1.3 Hooks for auxiliary files (HO)
)
(/usr/local/texlive/2013/texmf-dist/tex/latex/oberdiek/kvoptions.sty
Package: kvoptions 2011/06/30 v3.11 Key value format for package options (HO)
)
\@linkdim=\dimen161
\Hy@linkcounter=\count118
\Hy@pagecounter=\count119

(/usr/local/texlive/2013/texmf-dist/tex/latex/hyperref/pd1enc.def
File: pd1enc.def 2012/11/06 v6.83m Hyperref: PDFDocEncoding definition (HO)
)
\Hy@SavedSpaceFactor=\count120

(/usr/local/texlive/2013/texmf-dist/tex/latex/latexconfig/hyperref.cfg
File: hyperref.cfg 2002/06/06 v1.2 hyperref configuration of TeXLive
)
Package hyperref Info: Option `bookmarks' set `true' on input line 4319.
Package hyperref Info: Option `bookmarksopen' set `true' on input line 4319.
Package hyperref Info: Option `implicit' set `false' on input line 4319.
Package hyperref Info: Hyper figures OFF on input line 4443.
Package hyperref Info: Link nesting OFF on input line 4448.
Package hyperref Info: Hyper index ON on input line 4451.
Package hyperref Info: Plain pages OFF on input line 4458.
Package hyperref Info: Backreferencing OFF on input line 4463.
Package hyperref Info: Implicit mode OFF; no redefinition of LaTeX internals.
Package hyperref Info: Bookmarks ON on input line 4688.
\c@Hy@tempcnt=\count121

(/usr/local/texlive/2013/texmf-dist/tex/latex/url/url.sty
\Urlmuskip=\muskip10
Package: url 2006/04/12  ver 3.3  Verb mode for urls, etc.
)
LaTeX Info: Redefining \url on input line 5041.
\XeTeXLinkMargin=\dimen162
\Fld@menulength=\count122
\Field@Width=\dimen163
\Fld@charsize=\dimen164
Package hyperref Info: Hyper figures OFF on input line 6295.
Package hyperref Info: Link nesting OFF on input line 6300.
Package hyperref Info: Hyper index ON on input line 6303.
Package hyperref Info: backreferencing OFF on input line 6310.
Package hyperref Info: Link coloring OFF on input line 6315.
Package hyperref Info: Link coloring with OCG OFF on input line 6320.
Package hyperref Info: PDF/A mode OFF on input line 6325.
LaTeX Info: Redefining \ref on input line 6365.
LaTeX Info: Redefining \pageref on input line 6369.
\Hy@abspage=\count123


Package hyperref Message: Stopped early.

)

Package hyperref Message: Driver (autodetected): hpdftex.

(/usr/local/texlive/2013/texmf-dist/tex/latex/hyperref/hpdftex.def
File: hpdftex.def 2012/11/06 v6.83m Hyperref driver for pdfTeX
\Fld@listcount=\count124
\c@bookmark@seq@number=\count125

(/usr/local/texlive/2013/texmf-dist/tex/latex/oberdiek/rerunfilecheck.sty
Package: rerunfilecheck 2011/04/15 v1.7 Rerun checks for auxiliary files (HO)
Package uniquecounter Info: New unique counter `rerunfilecheck' on input line 2
82.
))
(/usr/local/texlive/2013/texmf-dist/tex/latex/beamer/beamerbaserequires.sty
Package: beamerbaserequires 2010/05/01  (rcs-revision efa082c6111d)

(/usr/local/texlive/2013/texmf-dist/tex/latex/beamer/beamerbasecompatibility.st
y
Package: beamerbasecompatibility 2012/05/01  (rcs-revision 67c48b3b652d)
) (/usr/local/texlive/2013/texmf-dist/tex/latex/beamer/beamerbasefont.sty
Package: beamerbasefont 2012/09/19  (rcs-revision 733629cd0c6c)

(/usr/local/texlive/2013/texmf-dist/tex/latex/amsfonts/amssymb.sty
Package: amssymb 2013/01/14 v3.01 AMS font symbols

(/usr/local/texlive/2013/texmf-dist/tex/latex/amsfonts/amsfonts.sty
Package: amsfonts 2013/01/14 v3.01 Basic AMSFonts support
\@emptytoks=\toks23
\symAMSa=\mathgroup4
\symAMSb=\mathgroup5
LaTeX Font Info:    Overwriting math alphabet `\mathfrak' in version `bold'
(Font)                  U/euf/m/n --> U/euf/b/n on input line 106.
)))
(/usr/local/texlive/2013/texmf-dist/tex/latex/beamer/beamerbasetranslator.sty
Package: beamerbasetranslator 2010/06/11  (rcs-revision 85fd1cc7fc42)

(/usr/local/texlive/2013/texmf-dist/tex/latex/beamer/translator/translator.sty
Package: translator 2010/06/12 ver 1.10

(/usr/local/texlive/2013/texmf-dist/tex/latex/beamer/translator/translator-lang
uage-mappings.tex)))
(/usr/local/texlive/2013/texmf-dist/tex/latex/beamer/beamerbasemisc.sty
Package: beamerbasemisc 2012/02/24  (rcs-revision 2ff5461be705)
)
(/usr/local/texlive/2013/texmf-dist/tex/latex/beamer/beamerbasetwoscreens.sty
Package: beamerbasetwoscreens 2010/05/01  (rcs-revision efa082c6111d)
)
(/usr/local/texlive/2013/texmf-dist/tex/latex/beamer/beamerbaseoverlay.sty
Package: beamerbaseoverlay 2012/11/11  (rcs-revision 6afbc49b1109)
\beamer@argscount=\count126
\beamer@lastskipcover=\skip44
\beamer@trivlistdepth=\count127
)
(/usr/local/texlive/2013/texmf-dist/tex/latex/beamer/beamerbasetitle.sty
Package: beamerbasetitle 2010/09/21  (rcs-revision f0446ed0b6ae)
)
(/usr/local/texlive/2013/texmf-dist/tex/latex/beamer/beamerbasesection.sty
Package: beamerbasesection 2013/01/04  (rcs-revision 54309ceef997)
\c@lecture=\count128
\c@part=\count129
\c@section=\count130
\c@subsection=\count131
\c@subsubsection=\count132
)
(/usr/local/texlive/2013/texmf-dist/tex/latex/beamer/beamerbaseframe.sty
Package: beamerbaseframe 2012/12/26  (rcs-revision 1443917db2cf)
\beamer@framebox=\box40
\beamer@frametitlebox=\box41
\beamer@zoombox=\box42
\beamer@zoomcount=\count133
\beamer@zoomframecount=\count134
\beamer@frametextheight=\dimen165
\c@subsectionslide=\count135
\beamer@frametopskip=\skip45
\beamer@framebottomskip=\skip46
\beamer@frametopskipautobreak=\skip47
\beamer@framebottomskipautobreak=\skip48
\beamer@envbody=\toks24
\framewidth=\dimen166
\c@framenumber=\count136
)
(/usr/local/texlive/2013/texmf-dist/tex/latex/beamer/beamerbaseverbatim.sty
Package: beamerbaseverbatim 2012/08/30  (rcs-revision dfdb135076b3)
\beamer@verbatimfileout=\write4
)
(/usr/local/texlive/2013/texmf-dist/tex/latex/beamer/beamerbaseframesize.sty
Package: beamerbaseframesize 2011/09/12  (rcs-revision 70f9d8411e54)
\beamer@splitbox=\box43
\beamer@autobreakcount=\count137
\beamer@autobreaklastheight=\dimen167
\beamer@frametitletoks=\toks25
\beamer@framesubtitletoks=\toks26
)
(/usr/local/texlive/2013/texmf-dist/tex/latex/beamer/beamerbaseframecomponents.
sty
Package: beamerbaseframecomponents 2012/09/13  (rcs-revision dcd846607320)
\beamer@footins=\box44
) (/usr/local/texlive/2013/texmf-dist/tex/latex/beamer/beamerbasecolor.sty
Package: beamerbasecolor 2010/06/06  (rcs-revision d1a9b48be06d)
)
(/usr/local/texlive/2013/texmf-dist/tex/latex/beamer/beamerbasenotes.sty
Package: beamerbasenotes 2012/12/19  (rcs-revision 1686da3db3c9)
\beamer@frameboxcopy=\box45
)
(/usr/local/texlive/2013/texmf-dist/tex/latex/beamer/beamerbasetoc.sty
Package: beamerbasetoc 2012/10/02  (rcs-revision 5ed0f4010e8a)
)
(/usr/local/texlive/2013/texmf-dist/tex/latex/beamer/beamerbasetemplates.sty
Package: beamerbasetemplates 2010/05/01  (rcs-revision efa082c6111d)
\beamer@sbttoks=\toks27

(/usr/local/texlive/2013/texmf-dist/tex/latex/beamer/beamerbaseauxtemplates.sty
Package: beamerbaseauxtemplates 2012/05/01  (rcs-revision 67c48b3b652d)
(/usr/local/texlive/2013/texmf-dist/tex/latex/beamer/beamerbaseboxes.sty
Package: beamerbaseboxes 2012/05/13  (rcs-revision 56972908a390)
\bmb@box=\box46
\bmb@colorbox=\box47
\bmb@boxshadow=\box48
\bmb@boxshadowball=\box49
\bmb@boxshadowballlarge=\box50
\bmb@temp=\dimen168
\bmb@dima=\dimen169
\bmb@dimb=\dimen170
\bmb@prevheight=\dimen171
)
\beamer@blockheadheight=\dimen172
))
(/usr/local/texlive/2013/texmf-dist/tex/latex/beamer/beamerbaselocalstructure.s
ty
Package: beamerbaselocalstructure 2012/11/13  (rcs-revision ddfba79dac19)
 (/usr/local/texlive/2013/texmf-dist/tex/latex/tools/enumerate.sty
Package: enumerate 1999/03/05 v3.00 enumerate extensions (DPC)
\@enLab=\toks28
)
\c@figure=\count138
\c@table=\count139
\abovecaptionskip=\skip49
\belowcaptionskip=\skip50
)
(/usr/local/texlive/2013/texmf-dist/tex/latex/beamer/beamerbasenavigation.sty
Package: beamerbasenavigation 2012/04/03  (rcs-revision 42a0f21a412d)
\beamer@section@min@dim=\dimen173
)
(/usr/local/texlive/2013/texmf-dist/tex/latex/beamer/beamerbasetheorems.sty
Package: beamerbasetheorems 2010/06/06  (rcs-revision 7e7cc5e53e9d)

(/usr/local/texlive/2013/texmf-dist/tex/latex/amsmath/amsmath.sty
Package: amsmath 2013/01/14 v2.14 AMS math features
\@mathmargin=\skip51

For additional information on amsmath, use the `?' option.
(/usr/local/texlive/2013/texmf-dist/tex/latex/amsmath/amstext.sty
Package: amstext 2000/06/29 v2.01

(/usr/local/texlive/2013/texmf-dist/tex/latex/amsmath/amsgen.sty
File: amsgen.sty 1999/11/30 v2.0
\@emptytoks=\toks29
\ex@=\dimen174
))
(/usr/local/texlive/2013/texmf-dist/tex/latex/amsmath/amsbsy.sty
Package: amsbsy 1999/11/29 v1.2d
\pmbraise@=\dimen175
)
(/usr/local/texlive/2013/texmf-dist/tex/latex/amsmath/amsopn.sty
Package: amsopn 1999/12/14 v2.01 operator names
)
\inf@bad=\count140
LaTeX Info: Redefining \frac on input line 210.
\uproot@=\count141
\leftroot@=\count142
LaTeX Info: Redefining \overline on input line 306.
\classnum@=\count143
\DOTSCASE@=\count144
LaTeX Info: Redefining \ldots on input line 378.
LaTeX Info: Redefining \dots on input line 381.
LaTeX Info: Redefining \cdots on input line 466.
\Mathstrutbox@=\box51
\strutbox@=\box52
\big@size=\dimen176
LaTeX Font Info:    Redeclaring font encoding OML on input line 566.
LaTeX Font Info:    Redeclaring font encoding OMS on input line 567.
\macc@depth=\count145
\c@MaxMatrixCols=\count146
\dotsspace@=\muskip11
\c@parentequation=\count147
\dspbrk@lvl=\count148
\tag@help=\toks30
\row@=\count149
\column@=\count150
\maxfields@=\count151
\andhelp@=\toks31
\eqnshift@=\dimen177
\alignsep@=\dimen178
\tagshift@=\dimen179
\tagwidth@=\dimen180
\totwidth@=\dimen181
\lineht@=\dimen182
\@envbody=\toks32
\multlinegap=\skip52
\multlinetaggap=\skip53
\mathdisplay@stack=\toks33
LaTeX Info: Redefining \[ on input line 2665.
LaTeX Info: Redefining \] on input line 2666.
)
(/usr/local/texlive/2013/texmf-dist/tex/latex/amscls/amsthm.sty
Package: amsthm 2004/08/06 v2.20
\thm@style=\toks34
\thm@bodyfont=\toks35
\thm@headfont=\toks36
\thm@notefont=\toks37
\thm@headpunct=\toks38
\thm@preskip=\skip54
\thm@postskip=\skip55
\thm@headsep=\skip56
\dth@everypar=\toks39
)
\c@theorem=\count152
)
(/usr/local/texlive/2013/texmf-dist/tex/latex/beamer/beamerbasethemes.sty
Package: beamerbasethemes 2010/05/01  (rcs-revision efa082c6111d)
))
(/usr/local/texlive/2013/texmf-dist/tex/latex/beamer/themes/theme/beamerthemede
fault.sty
Package: beamerthemedefault 2010/06/17  (rcs-revision d02a7cf4d8ae)

(/usr/local/texlive/2013/texmf-dist/tex/latex/beamer/themes/font/beamerfontthem
edefault.sty
Package: beamerfontthemedefault 2012/12/19  (rcs-revision 1686da3db3c9)
)
(/usr/local/texlive/2013/texmf-dist/tex/latex/beamer/themes/color/beamercolorth
emedefault.sty
Package: beamercolorthemedefault 2012/12/19  (rcs-revision 1686da3db3c9)
)
(/usr/local/texlive/2013/texmf-dist/tex/latex/beamer/themes/inner/beamerinnerth
emedefault.sty
Package: beamerinnerthemedefault 2012/05/01  (rcs-revision 67c48b3b652d)
\beamer@dima=\dimen183
\beamer@dimb=\dimen184
)
(/usr/local/texlive/2013/texmf-dist/tex/latex/beamer/themes/outer/beamerouterth
emedefault.sty
Package: beamerouterthemedefault 2012/12/19  (rcs-revision 1686da3db3c9)
))) (/usr/local/texlive/2013/texmf-dist/tex/latex/base/ifthen.sty
Package: ifthen 2001/05/26 v1.1c Standard LaTeX ifthen package (DPC)
) (/usr/local/texlive/2013/texmf-dist/tex/latex/tools/longtable.sty
Package: longtable 2004/02/01 v4.11 Multi-page Table package (DPC)
\LTleft=\skip57
\LTright=\skip58
\LTpre=\skip59
\LTpost=\skip60
\LTchunksize=\count153
\LTcapwidth=\dimen185
\LT@head=\box53
\LT@firsthead=\box54
\LT@foot=\box55
\LT@lastfoot=\box56
\LT@cols=\count154
\LT@rows=\count155
\c@LT@tables=\count156
\c@LT@chunks=\count157
\LT@p@ftn=\toks40
)
(/usr/local/texlive/2013/texmf-dist/tex/latex/beamer/themes/theme/beamerthemeRo
chester.sty
Package: beamerthemeRochester 2010/06/17  (rcs-revision d02a7cf4d8ae)

(/usr/local/texlive/2013/texmf-dist/tex/latex/beamer/themes/outer/beamerouterth
emesidebar.sty
Package: beamerouterthemesidebar 2010/06/17  (rcs-revision d02a7cf4d8ae)
\beamer@sidebarwidth=\dimen186
\beamer@headheight=\dimen187
)
(/usr/local/texlive/2013/texmf-dist/tex/latex/beamer/themes/inner/beamerinnerth
emerectangles.sty
Package: beamerinnerthemerectangles 2010/06/17  (rcs-revision d02a7cf4d8ae)
)
(/usr/local/texlive/2013/texmf-dist/tex/latex/beamer/themes/color/beamercolorth
emewhale.sty
Package: beamercolorthemewhale 2010/06/17  (rcs-revision d02a7cf4d8ae)
)
(/usr/local/texlive/2013/texmf-dist/tex/latex/beamer/themes/color/beamercolorth
emeorchid.sty
Package: beamercolorthemeorchid 2010/06/17  (rcs-revision d02a7cf4d8ae)
)) (/usr/local/texlive/2013/texmf-dist/tex/latex/natbib/natbib.sty
Package: natbib 2010/09/13 8.31b (PWD, AO)
\bibhang=\skip61
\bibsep=\skip62
LaTeX Info: Redefining \cite on input line 694.
\c@NAT@ctr=\count158
) (/usr/local/texlive/2013/texmf-dist/tex/latex/tools/array.sty
Package: array 2008/09/09 v2.4c Tabular extension package (FMi)
\col@sep=\dimen188
\extrarowheight=\dimen189
\NC@list=\toks41
\extratabsurround=\skip63
\backup@length=\skip64
)
(/Users/womullan/esac-git/sre-od/common/texmf/tex/latex/pgf/frontendlayer/tikz.
sty
(/Users/womullan/esac-git/sre-od/common/texmf/tex/latex/pgf/basiclayer/pgf.sty
Package: pgf 2008/01/15 v2.10 (rcs-revision 1.12)

(/Users/womullan/esac-git/sre-od/common/texmf/tex/generic/pgf/modules/pgfmodule
shapes.code.tex
File: pgfmoduleshapes.code.tex 2010/09/09  (rcs-revision 1.13)
\pgfnodeparttextbox=\box57
)
(/Users/womullan/esac-git/sre-od/common/texmf/tex/generic/pgf/modules/pgfmodule
plot.code.tex
File: pgfmoduleplot.code.tex 2010/10/22  (rcs-revision 1.8)
)
(/Users/womullan/esac-git/sre-od/common/texmf/tex/latex/pgf/compatibility/pgfco
mp-version-0-65.sty
Package: pgfcomp-version-0-65 2007/07/03 v2.10 (rcs-revision 1.7)
\pgf@nodesepstart=\dimen190
\pgf@nodesepend=\dimen191
)
(/Users/womullan/esac-git/sre-od/common/texmf/tex/latex/pgf/compatibility/pgfco
mp-version-1-18.sty
Package: pgfcomp-version-1-18 2007/07/23 v2.10 (rcs-revision 1.1)
))
(/Users/womullan/esac-git/sre-od/common/texmf/tex/latex/pgf/utilities/pgffor.st
y
(/Users/womullan/esac-git/sre-od/common/texmf/tex/latex/pgf/utilities/pgfkeys.s
ty
(/Users/womullan/esac-git/sre-od/common/texmf/tex/generic/pgf/utilities/pgfkeys
.code.tex))
(/Users/womullan/esac-git/sre-od/common/texmf/tex/generic/pgf/utilities/pgffor.
code.tex
Package: pgffor 2010/03/23 v2.10 (rcs-revision 1.18)
\pgffor@iter=\dimen192
\pgffor@skip=\dimen193
\pgffor@stack=\toks42
\pgffor@toks=\toks43
))
(/Users/womullan/esac-git/sre-od/common/texmf/tex/generic/pgf/frontendlayer/tik
z/tikz.code.tex
Package: tikz 2010/10/13 v2.10 (rcs-revision 1.76)

(/Users/womullan/esac-git/sre-od/common/texmf/tex/generic/pgf/libraries/pgflibr
aryplothandlers.code.tex
File: pgflibraryplothandlers.code.tex 2010/05/31 v2.10 (rcs-revision 1.15)
\pgf@plot@mark@count=\count159
\pgfplotmarksize=\dimen194
)
\tikz@lastx=\dimen195
\tikz@lasty=\dimen196
\tikz@lastxsaved=\dimen197
\tikz@lastysaved=\dimen198
\tikzleveldistance=\dimen199
\tikzsiblingdistance=\dimen200
\tikz@figbox=\box58
\tikz@tempbox=\box59
\tikztreelevel=\count160
\tikznumberofchildren=\count161
\tikznumberofcurrentchild=\count162
\tikz@fig@count=\count163

(/Users/womullan/esac-git/sre-od/common/texmf/tex/generic/pgf/modules/pgfmodule
matrix.code.tex
File: pgfmodulematrix.code.tex 2010/08/24  (rcs-revision 1.4)
\pgfmatrixcurrentrow=\count164
\pgfmatrixcurrentcolumn=\count165
\pgf@matrix@numberofcolumns=\count166
)
\tikz@expandcount=\count167

(/Users/womullan/esac-git/sre-od/common/texmf/tex/generic/pgf/frontendlayer/tik
z/libraries/tikzlibrarytopaths.code.tex
File: tikzlibrarytopaths.code.tex 2008/06/17 v2.10 (rcs-revision 1.2)
)))
(/Users/womullan/esac-git/sre-od/common/texmf/tex/generic/pgf/frontendlayer/tik
z/libraries/tikzlibrarypositioning.code.tex
File: tikzlibrarypositioning.code.tex 2008/10/06 v2.10 (rcs-revision 1.7)
)
(/Users/womullan/esac-git/sre-od/common/texmf/tex/generic/pgf/frontendlayer/tik
z/libraries/tikzlibraryarrows.code.tex
File: tikzlibraryarrows.code.tex 2008/01/09 v2.10 (rcs-revision 1.1)

(/Users/womullan/esac-git/sre-od/common/texmf/tex/generic/pgf/libraries/pgflibr
aryarrows.code.tex
File: pgflibraryarrows.code.tex 2008/10/27 v2.10 (rcs-revision 1.9)
\arrowsize=\dimen201
))
(/Users/womullan/esac-git/sre-od/common/texmf/tex/generic/pgf/frontendlayer/tik
z/libraries/tikzlibraryshapes.code.tex
File: tikzlibraryshapes.code.tex 2008/01/09 v2.10 (rcs-revision 1.1)

(/Users/womullan/esac-git/sre-od/common/texmf/tex/generic/pgf/frontendlayer/tik
z/libraries/tikzlibraryshapes.geometric.code.tex
File: tikzlibraryshapes.geometric.code.tex 2008/01/09 v2.10 (rcs-revision 1.1)

(/Users/womullan/esac-git/sre-od/common/texmf/tex/generic/pgf/libraries/shapes/
pgflibraryshapes.geometric.code.tex
File: pgflibraryshapes.geometric.code.tex 2008/06/26 v2.10 (rcs-revision 1.1)
))
(/Users/womullan/esac-git/sre-od/common/texmf/tex/generic/pgf/frontendlayer/tik
z/libraries/tikzlibraryshapes.misc.code.tex
File: tikzlibraryshapes.misc.code.tex 2008/01/09 v2.10 (rcs-revision 1.1)

(/Users/womullan/esac-git/sre-od/common/texmf/tex/generic/pgf/libraries/shapes/
pgflibraryshapes.misc.code.tex
File: pgflibraryshapes.misc.code.tex 2008/10/07 v2.10 (rcs-revision 1.3)
))
(/Users/womullan/esac-git/sre-od/common/texmf/tex/generic/pgf/frontendlayer/tik
z/libraries/tikzlibraryshapes.symbols.code.tex
File: tikzlibraryshapes.symbols.code.tex 2008/01/09 v2.10 (rcs-revision 1.1)

(/Users/womullan/esac-git/sre-od/common/texmf/tex/generic/pgf/libraries/shapes/
pgflibraryshapes.symbols.code.tex
File: pgflibraryshapes.symbols.code.tex 2009/10/27 v2.10 (rcs-revision 1.3)
))
(/Users/womullan/esac-git/sre-od/common/texmf/tex/generic/pgf/frontendlayer/tik
z/libraries/tikzlibraryshapes.arrows.code.tex
File: tikzlibraryshapes.arrows.code.tex 2008/01/09 v2.10 (rcs-revision 1.1)

(/Users/womullan/esac-git/sre-od/common/texmf/tex/generic/pgf/libraries/shapes/
pgflibraryshapes.arrows.code.tex
File: pgflibraryshapes.arrows.code.tex 2008/06/26 v2.10 (rcs-revision 1.1)
))
(/Users/womullan/esac-git/sre-od/common/texmf/tex/generic/pgf/frontendlayer/tik
z/libraries/tikzlibraryshapes.callouts.code.tex
(/Users/womullan/esac-git/sre-od/common/texmf/tex/generic/pgf/libraries/shapes/
pgflibraryshapes.callouts.code.tex))
(/Users/womullan/esac-git/sre-od/common/texmf/tex/generic/pgf/frontendlayer/tik
z/libraries/tikzlibraryshapes.multipart.code.tex
File: tikzlibraryshapes.multipart.code.tex 2008/01/09 v2.10 (rcs-revision 1.1)

(/Users/womullan/esac-git/sre-od/common/texmf/tex/generic/pgf/libraries/shapes/
pgflibraryshapes.multipart.code.tex
File: pgflibraryshapes.multipart.code.tex 2010/01/07 v2.10 (rcs-revision 1.2)
\pgfnodepartlowerbox=\box60
\pgfnodeparttwobox=\box61
\pgfnodepartthreebox=\box62
\pgfnodepartfourbox=\box63
\pgfnodeparttwentybox=\box64
\pgfnodepartnineteenbox=\box65
\pgfnodeparteighteenbox=\box66
\pgfnodepartseventeenbox=\box67
\pgfnodepartsixteenbox=\box68
\pgfnodepartfifteenbox=\box69
\pgfnodepartfourteenbox=\box70
\pgfnodepartthirteenbox=\box71
\pgfnodeparttwelvebox=\box72
\pgfnodepartelevenbox=\box73
\pgfnodeparttenbox=\box74
\pgfnodepartninebox=\box75
\pgfnodeparteightbox=\box76
\pgfnodepartsevenbox=\box77
\pgfnodepartsixbox=\box78
\pgfnodepartfivebox=\box79
)))
(/Users/womullan/esac-git/sre-od/common/texmf/tex/generic/pgf/frontendlayer/tik
z/libraries/tikzlibrarydecorations.shapes.code.tex
(/Users/womullan/esac-git/sre-od/common/texmf/tex/generic/pgf/frontendlayer/tik
z/libraries/tikzlibrarydecorations.code.tex
(/Users/womullan/esac-git/sre-od/common/texmf/tex/generic/pgf/modules/pgfmodule
decorations.code.tex
\pgfdecoratedcompleteddistance=\dimen202
\pgfdecoratedremainingdistance=\dimen203
\pgfdecoratedinputsegmentcompleteddistance=\dimen204
\pgfdecoratedinputsegmentremainingdistance=\dimen205
\pgf@decorate@distancetomove=\dimen206
\pgf@decorate@repeatstate=\count168
\pgfdecorationsegmentamplitude=\dimen207
\pgfdecorationsegmentlength=\dimen208
)
\tikz@lib@dec@box=\box80
)
(/Users/womullan/esac-git/sre-od/common/texmf/tex/generic/pgf/libraries/decorat
ions/pgflibrarydecorations.shapes.code.tex))
(/Users/womullan/esac-git/sre-od/common/texmf/tex/generic/pgf/frontendlayer/tik
z/libraries/tikzlibrarybackgrounds.code.tex
File: tikzlibrarybackgrounds.code.tex 2010/02/08 v2.10 (rcs-revision 1.2)
\pgf@layerbox@background=\box81
\pgf@layerboxsaved@background=\box82
)
(/Users/womullan/esac-git/sre-od/common/texmf/tex/generic/pgf/frontendlayer/tik
z/libraries/tikzlibrarycalc.code.tex
File: tikzlibrarycalc.code.tex 2009/09/04 v2.10 (rcs-revision 1.6)
)
(/Users/womullan/esac-git/sre-od/common/texmf/tex/generic/pgf/frontendlayer/tik
z/libraries/tikzlibrarydecorations.pathreplacing.code.tex
(/Users/womullan/esac-git/sre-od/common/texmf/tex/generic/pgf/libraries/decorat
ions/pgflibrarydecorations.pathreplacing.code.tex))
\myleftmargin=\dimen209
\myrightmargin=\dimen210
\footrightmargin=\dimen211

(/usr/local/texlive/2013/texmf-dist/tex/latex/beamer/themes/inner/beamerinnerth
emecircles.sty
Package: beamerinnerthemecircles 2010/06/17  (rcs-revision d02a7cf4d8ae)
)
(/usr/local/texlive/2013/texmf-dist/tex/latex/beamer/themes/font/beamerfontthem
eserif.sty
Package: beamerfontthemeserif 2010/06/17  (rcs-revision d02a7cf4d8ae)
)) (./WOM_AGILE.aux)
\openout1 = `WOM_AGILE.aux'.

LaTeX Font Info:    Checking defaults for OML/cmm/m/it on input line 42.
LaTeX Font Info:    ... okay on input line 42.
LaTeX Font Info:    Checking defaults for T1/cmr/m/n on input line 42.
LaTeX Font Info:    ... okay on input line 42.
LaTeX Font Info:    Checking defaults for OT1/cmr/m/n on input line 42.
LaTeX Font Info:    ... okay on input line 42.
LaTeX Font Info:    Checking defaults for OMS/cmsy/m/n on input line 42.
LaTeX Font Info:    ... okay on input line 42.
LaTeX Font Info:    Checking defaults for OMX/cmex/m/n on input line 42.
LaTeX Font Info:    ... okay on input line 42.
LaTeX Font Info:    Checking defaults for U/cmr/m/n on input line 42.
LaTeX Font Info:    ... okay on input line 42.
LaTeX Font Info:    Checking defaults for PD1/pdf/m/n on input line 42.
LaTeX Font Info:    ... okay on input line 42.

*geometry* driver: auto-detecting
*geometry* detected driver: pdftex
*geometry* verbose mode - [ preamble ] result:
* driver: pdftex
* paper: custom
* layout: <same size as paper>
* layoutoffset:(h,v)=(0.0pt,0.0pt)
* modes: includehead includefoot 
* h-part:(L,W,R)=(8.5359pt, 347.12355pt, 8.5359pt)
* v-part:(T,H,B)=(0.0pt, 273.14662pt, 0.0pt)
* \paperwidth=364.19536pt
* \paperheight=273.14662pt
* \textwidth=347.12355pt
* \textheight=244.6939pt
* \oddsidemargin=-63.73409pt
* \evensidemargin=-63.73409pt
* \topmargin=-72.26999pt
* \headheight=14.22636pt
* \headsep=0.0pt
* \topskip=11.0pt
* \footskip=14.22636pt
* \marginparwidth=4.0pt
* \marginparsep=10.0pt
* \columnsep=10.0pt
* \skip\footins=10.0pt plus 4.0pt minus 2.0pt
* \hoffset=0.0pt
* \voffset=0.0pt
* \mag=1000
* \@twocolumnfalse
* \@twosidefalse
* \@mparswitchfalse
* \@reversemarginfalse
* (1in=72.27pt=25.4mm, 1cm=28.453pt)

(/usr/local/texlive/2013/texmf-dist/tex/context/base/supp-pdf.mkii
[Loading MPS to PDF converter (version 2006.09.02).]
\scratchcounter=\count169
\scratchdimen=\dimen212
\scratchbox=\box83
\nofMPsegments=\count170
\nofMParguments=\count171
\everyMPshowfont=\toks44
\MPscratchCnt=\count172
\MPscratchDim=\dimen213
\MPnumerator=\count173
\makeMPintoPDFobject=\count174
\everyMPtoPDFconversion=\toks45
) (/usr/local/texlive/2013/texmf-dist/tex/latex/oberdiek/epstopdf-base.sty
Package: epstopdf-base 2010/02/09 v2.5 Base part for package epstopdf

(/usr/local/texlive/2013/texmf-dist/tex/latex/oberdiek/grfext.sty
Package: grfext 2010/08/19 v1.1 Manage graphics extensions (HO)
)
Package grfext Info: Graphics extension search list:
(grfext)             [.png,.pdf,.jpg,.mps,.jpeg,.jbig2,.jb2,.PNG,.PDF,.JPG,.JPE
G,.JBIG2,.JB2,.eps]
(grfext)             \AppendGraphicsExtensions on input line 452.

(/usr/local/texlive/2013/texmf-dist/tex/latex/latexconfig/epstopdf-sys.cfg
File: epstopdf-sys.cfg 2010/07/13 v1.3 Configuration of (r)epstopdf for TeX Liv
e
))
ABD: EveryShipout initializing macros
\AtBeginShipoutBox=\box84
Package hyperref Info: Link coloring OFF on input line 42.

(/usr/local/texlive/2013/texmf-dist/tex/latex/hyperref/nameref.sty
Package: nameref 2012/10/27 v2.43 Cross-referencing by name of section

(/usr/local/texlive/2013/texmf-dist/tex/generic/oberdiek/gettitlestring.sty
Package: gettitlestring 2010/12/03 v1.4 Cleanup title references (HO)
)
\c@section@level=\count175
)
LaTeX Info: Redefining \ref on input line 42.
LaTeX Info: Redefining \pageref on input line 42.
LaTeX Info: Redefining \nameref on input line 42.

(./WOM_AGILE.out) (./WOM_AGILE.out)
\@outlinefile=\write5
\openout5 = `WOM_AGILE.out'.


(/usr/local/texlive/2013/texmf-dist/tex/latex/beamer/translator/dicts/translato
r-basic-dictionary/translator-basic-dictionary-English.dict
Dictionary: translator-basic-dictionary, Language: English 
)
(/usr/local/texlive/2013/texmf-dist/tex/latex/beamer/translator/dicts/translato
r-bibliography-dictionary/translator-bibliography-dictionary-English.dict
Dictionary: translator-bibliography-dictionary, Language: English 
)
(/usr/local/texlive/2013/texmf-dist/tex/latex/beamer/translator/dicts/translato
r-environment-dictionary/translator-environment-dictionary-English.dict
Dictionary: translator-environment-dictionary, Language: English 
)
(/usr/local/texlive/2013/texmf-dist/tex/latex/beamer/translator/dicts/translato
r-months-dictionary/translator-months-dictionary-English.dict
Dictionary: translator-months-dictionary, Language: English 
)
(/usr/local/texlive/2013/texmf-dist/tex/latex/beamer/translator/dicts/translato
r-numbers-dictionary/translator-numbers-dictionary-English.dict
Dictionary: translator-numbers-dictionary, Language: English 
)
(/usr/local/texlive/2013/texmf-dist/tex/latex/beamer/translator/dicts/translato
r-theorem-dictionary/translator-theorem-dictionary-English.dict
Dictionary: translator-theorem-dictionary, Language: English 
)
LaTeX Info: Redefining \includegraphics on input line 42.

(./WOM_AGILE.nav)
LaTeX Font Info:    Try loading font information for OMS+cmss on input line 42.

LaTeX Font Info:    No file OMScmss.fd. on input line 42.


LaTeX Font Warning: Font shape `OMS/cmss/m/n' undefined
(Font)              using `OMS/cmsy/m/n' instead
(Font)              for symbol `textbar' on input line 42.

<lsst_logo_notext.png, id=26, 250.9375pt x 71.26625pt>
File: lsst_logo_notext.png Graphic file (type png)

<use lsst_logo_notext.png>
Package pdftex.def Info: lsst_logo_notext.png used on input line 42.
(pdftex.def)             Requested size: 70.12799pt x 19.91684pt.
 <lsstscope.png, id=28, 1041.8925pt x 959.83594pt>
File: lsstscope.png Graphic file (type png)

<use lsstscope.png>
Package pdftex.def Info: lsstscope.png used on input line 42.
(pdftex.def)             Requested size: 21.60535pt x 19.91684pt.

Overfull \hbox (40.82938pt too wide) in paragraph at lines 42--42
[]|  [][][]  
 []

LaTeX Font Info:    Try loading font information for U+msa on input line 43.
(/usr/local/texlive/2013/texmf-dist/tex/latex/amsfonts/umsa.fd
File: umsa.fd 2013/01/14 v3.01 AMS symbols A
)
LaTeX Font Info:    Try loading font information for U+msb on input line 43.

(/usr/local/texlive/2013/texmf-dist/tex/latex/amsfonts/umsb.fd
File: umsb.fd 2013/01/14 v3.01 AMS symbols B
) [1

{/usr/local/texlive/2013/texmf-var/fonts/map/pdftex/updmap/pdftex.map}] (./body
.tex
Missing character: There is no ‚ in font cmss10!
Missing character: There is no Ä in font cmss10!
Missing character: There is no ¶ in font cmss10!
Missing character: There is no ‚ in font cmss10!
Missing character: There is no Ä in font cmss10!
Missing character: There is no ú in font cmss10!
Missing character: There is no ‚ in font cmss10!
Missing character: There is no Ä in font cmss10!
Missing character: There is no ù in font cmss10!
Missing character: There is no ‚ in font cmss10!
Missing character: There is no Ä in font cmss10!
Missing character: There is no ú in font cmss10!
Missing character: There is no ‚ in font cmss10!
Missing character: There is no Ä in font cmss10!
Missing character: There is no ¶ in font cmss10!
Missing character: There is no ‚ in font cmss10!
Missing character: There is no Ä in font cmss10!
Missing character: There is no ù in font cmss10!


LaTeX Font Warning: Font shape `OT1/cmss/m/n' in size <4> not available
(Font)              size <5> substituted on input line 13.

File: lsst_logo_notext.png Graphic file (type png)
<use lsst_logo_notext.png>
Package pdftex.def Info: lsst_logo_notext.png used on input line 13.
(pdftex.def)             Requested size: 70.12799pt x 19.91684pt.
File: lsstscope.png Graphic file (type png)
 <use lsstscope.png>
Package pdftex.def Info: lsstscope.png used on input line 13.
(pdftex.def)             Requested size: 21.60535pt x 19.91684pt.

Overfull \hbox (40.82938pt too wide) has occurred while \output is active
[]|  [][][] 
 []

[2

 </Users/womullan/otherdocs/LSST/TEXDOC/texmf/tex/latex/lsst/lsst_logo_notext.p
ng> </Users/womullan/otherdocs/LSST/TEXDOC/texmf/tex/latex/lsst/lsstscope.png>]
Missing character: There is no ‚ in font cmss10!
Missing character: There is no Ä in font cmss10!
Missing character: There is no ¶ in font cmss10!
Missing character: There is no ‚ in font cmss10!
Missing character: There is no Ä in font cmss10!
Missing character: There is no ú in font cmss10!
Missing character: There is no ‚ in font cmss10!
Missing character: There is no Ä in font cmss10!
Missing character: There is no ù in font cmss10!
Missing character: There is no ‚ in font cmss10!
Missing character: There is no Ä in font cmss10!
Missing character: There is no ú in font cmss10!
Missing character: There is no ‚ in font cmss10!
Missing character: There is no Ä in font cmss10!
Missing character: There is no ¶ in font cmss10!
Missing character: There is no ‚ in font cmss10!
Missing character: There is no Ä in font cmss10!
Missing character: There is no ù in font cmss10!
File: lsst_logo_notext.png Graphic file (type png)
 <use lsst_logo_notext.png>
Package pdftex.def Info: lsst_logo_notext.png used on input line 13.
(pdftex.def)             Requested size: 70.12799pt x 19.91684pt.
File: lsstscope.png Graphic file (type png)
 <use lsstscope.png>
Package pdftex.def Info: lsstscope.png used on input line 13.
(pdftex.def)             Requested size: 21.60535pt x 19.91684pt.

Overfull \hbox (40.82938pt too wide) has occurred while \output is active
[]|  [][][] 
 []

[3

]
Missing character: There is no ‚ in font cmss10!
Missing character: There is no Ä in font cmss10!
Missing character: There is no ú in font cmss10!
Missing character: There is no ‚ in font cmss10!
Missing character: There is no Ä in font cmss10!
Missing character: There is no ù in font cmss10!
File: lsst_logo_notext.png Graphic file (type png)
 <use lsst_logo_notext.png>
Package pdftex.def Info: lsst_logo_notext.png used on input line 30.
(pdftex.def)             Requested size: 70.12799pt x 19.91684pt.
File: lsstscope.png Graphic file (type png)
 <use lsstscope.png>
Package pdftex.def Info: lsstscope.png used on input line 30.
(pdftex.def)             Requested size: 21.60535pt x 19.91684pt.

Overfull \hbox (40.82938pt too wide) has occurred while \output is active
[]|  [][][] 
 []

[4

] <images/ootimeline.png, id=154, 675.52374pt x 443.6575pt>
File: images/ootimeline.png Graphic file (type png)

<use images/ootimeline.png>
Package pdftex.def Info: images/ootimeline.png used on input line 40.
(pdftex.def)             Requested size: 277.69989pt x 182.38815pt.
File: lsst_logo_notext.png Graphic file (type png)
 <use lsst_logo_notext.png>
Package pdftex.def Info: lsst_logo_notext.png used on input line 40.
(pdftex.def)             Requested size: 70.12799pt x 19.91684pt.
File: lsstscope.png Graphic file (type png)
 <use lsstscope.png>
Package pdftex.def Info: lsstscope.png used on input line 40.
(pdftex.def)             Requested size: 21.60535pt x 19.91684pt.

Overfull \hbox (40.82938pt too wide) has occurred while \output is active
[]|  [][][] 
 []

[5

 <./images/ootimeline.png>]
<images/iter.png, id=184, 318.9516pt x 167.1846pt>
File: images/iter.png Graphic file (type png)
 <use images/iter.png>
Package pdftex.def Info: images/iter.png used on input line 58.
(pdftex.def)             Requested size: 242.98541pt x 127.37027pt.
File: lsst_logo_notext.png Graphic file (type png)

<use lsst_logo_notext.png>
Package pdftex.def Info: lsst_logo_notext.png used on input line 58.
(pdftex.def)             Requested size: 70.12799pt x 19.91684pt.
File: lsstscope.png Graphic file (type png)
 <use lsstscope.png>
Package pdftex.def Info: lsstscope.png used on input line 58.
(pdftex.def)             Requested size: 21.60535pt x 19.91684pt.

Overfull \hbox (40.82938pt too wide) has occurred while \output is active
[]|  [][][] 
 []

[6

 <./images/iter.png>] <images/wfall.png, id=215, 514.0806pt x 318.9516pt>
File: images/wfall.png Graphic file (type png)

<use images/wfall.png>
Package pdftex.def Info: images/wfall.png used on input line 68.
(pdftex.def)             Requested size: 277.69989pt x 172.29456pt.
File: lsst_logo_notext.png Graphic file (type png)
 <use lsst_logo_notext.png>
Package pdftex.def Info: lsst_logo_notext.png used on input line 68.
(pdftex.def)             Requested size: 70.12799pt x 19.91684pt.
File: lsstscope.png Graphic file (type png)
 <use lsstscope.png>
Package pdftex.def Info: lsstscope.png used on input line 68.
(pdftex.def)             Requested size: 21.60535pt x 19.91684pt.

Overfull \hbox (40.82938pt too wide) has occurred while \output is active
[]|  [][][] 
 []

[7

 <./images/wfall.png>] <images/wflaw.png, id=246, 458.6736pt x 299.6796pt>
File: images/wflaw.png Graphic file (type png)

<use images/wflaw.png>
Package pdftex.def Info: images/wflaw.png used on input line 86.
(pdftex.def)             Requested size: 277.69989pt x 181.4416pt.

Overfull \hbox (9.07321pt too wide) in paragraph at lines 86--86
[]  
 []

File: lsst_logo_notext.png Graphic file (type png)
<use lsst_logo_notext.png>
Package pdftex.def Info: lsst_logo_notext.png used on input line 86.
(pdftex.def)             Requested size: 70.12799pt x 19.91684pt.
File: lsstscope.png Graphic file (type png)
 <use lsstscope.png>
Package pdftex.def Info: lsstscope.png used on input line 86.
(pdftex.def)             Requested size: 21.60535pt x 19.91684pt.

Overfull \hbox (40.82938pt too wide) has occurred while \output is active
[]|  [][][] 
 []

[8

 <./images/wflaw.png>]
Missing character: There is no ‚ in font cmss10!
Missing character: There is no Ä in font cmss10!
Missing character: There is no ì in font cmss10!
Missing character: There is no ‚ in font cmss10!
Missing character: There is no Ä in font cmss10!
Missing character: There is no ì in font cmss10!
Missing character: There is no ‚ in font cmss10!
Missing character: There is no Ä in font cmss10!
Missing character: There is no ô in font cmss10!
Missing character: There is no ‚ in font cmss10!
Missing character: There is no Ä in font cmss10!
Missing character: There is no ¶ in font cmss10!
Missing character: There is no ‚ in font cmss10!
Missing character: There is no Ä in font cmss10!
Missing character: There is no ì in font cmss10!
Missing character: There is no ‚ in font cmss10!
Missing character: There is no Ä in font cmss10!
Missing character: There is no ú in font cmss10!
Missing character: There is no ‚ in font cmss10!
Missing character: There is no Ä in font cmss10!
Missing character: There is no ù in font cmss10!
File: lsst_logo_notext.png Graphic file (type png)
 <use lsst_logo_notext.png>
Package pdftex.def Info: lsst_logo_notext.png used on input line 106.
(pdftex.def)             Requested size: 70.12799pt x 19.91684pt.
File: lsstscope.png Graphic file (type png)
 <use lsstscope.png>
Package pdftex.def Info: lsstscope.png used on input line 106.
(pdftex.def)             Requested size: 21.60535pt x 19.91684pt.

Overfull \hbox (40.82938pt too wide) has occurred while \output is active
[]|  [][][] 
 []

[9

]
Missing character: There is no ‚ in font cmss10!
Missing character: There is no Ä in font cmss10!
Missing character: There is no ¶ in font cmss10!
 <images/dilbertxp.png, id=305, 651.8754pt x 234.1548pt>
File: images/dilbertxp.png Graphic file (type png)

<use images/dilbertxp.png>
Package pdftex.def Info: images/dilbertxp.png used on input line 116.
(pdftex.def)             Requested size: 277.69989pt x 99.75206pt.
File: lsst_logo_notext.png Graphic file (type png)
 <use lsst_logo_notext.png>
Package pdftex.def Info: lsst_logo_notext.png used on input line 116.
(pdftex.def)             Requested size: 70.12799pt x 19.91684pt.
File: lsstscope.png Graphic file (type png)
 <use lsstscope.png>
Package pdftex.def Info: lsstscope.png used on input line 116.
(pdftex.def)             Requested size: 21.60535pt x 19.91684pt.

Overfull \hbox (40.82938pt too wide) has occurred while \output is active
[]|  [][][] 
 []

[10

 <./images/dilbertxp.png>]
File: lsst_logo_notext.png Graphic file (type png)
 <use lsst_logo_notext.png>
Package pdftex.def Info: lsst_logo_notext.png used on input line 133.
(pdftex.def)             Requested size: 70.12799pt x 19.91684pt.
File: lsstscope.png Graphic file (type png)
 <use lsstscope.png>
Package pdftex.def Info: lsstscope.png used on input line 133.
(pdftex.def)             Requested size: 21.60535pt x 19.91684pt.

Overfull \hbox (40.82938pt too wide) has occurred while \output is active
[]|  [][][] 
 []

[11

]
Missing character: There is no ‚ in font cmss10!
Missing character: There is no Ä in font cmss10!
Missing character: There is no ô in font cmss10!
Missing character: There is no ‚ in font cmss10!
Missing character: There is no Ä in font cmss10!
Missing character: There is no ì in font cmss10!
File: lsst_logo_notext.png Graphic file (type png)
 <use lsst_logo_notext.png>
Package pdftex.def Info: lsst_logo_notext.png used on input line 165.
(pdftex.def)             Requested size: 70.12799pt x 19.91684pt.
File: lsstscope.png Graphic file (type png)
 <use lsstscope.png>
Package pdftex.def Info: lsstscope.png used on input line 165.
(pdftex.def)             Requested size: 21.60535pt x 19.91684pt.

Overfull \hbox (40.82938pt too wide) has occurred while \output is active
[]|  [][][] 
 []

[12

]
Missing character: There is no ‚ in font cmss10!
Missing character: There is no Ä in font cmss10!
Missing character: There is no ì in font cmss10!


Package natbib Warning: Citation `doi:10.1117/12.2233380' on page 13 undefined 
on input line 184.

<images/dilbertxp2.png, id=392, 594.5412pt x 210.0648pt>
File: images/dilbertxp2.png Graphic file (type png)

<use images/dilbertxp2.png>
Package pdftex.def Info: images/dilbertxp2.png used on input line 184.
(pdftex.def)             Requested size: 277.69989pt x 98.11824pt.
File: lsst_logo_notext.png Graphic file (type png)
 <use lsst_logo_notext.png>
Package pdftex.def Info: lsst_logo_notext.png used on input line 184.
(pdftex.def)             Requested size: 70.12799pt x 19.91684pt.
File: lsstscope.png Graphic file (type png)
 <use lsstscope.png>
Package pdftex.def Info: lsstscope.png used on input line 184.
(pdftex.def)             Requested size: 21.60535pt x 19.91684pt.

Overfull \hbox (40.82938pt too wide) has occurred while \output is active
[]|  [][][] 
 []

[13

 <./images/dilbertxp2.png>]
Missing character: There is no ‚ in font cmss10!
Missing character: There is no Ä in font cmss10!
Missing character: There is no ì in font cmss10!
File: lsst_logo_notext.png Graphic file (type png)
 <use lsst_logo_notext.png>
Package pdftex.def Info: lsst_logo_notext.png used on input line 197.
(pdftex.def)             Requested size: 70.12799pt x 19.91684pt.
File: lsstscope.png Graphic file (type png)
 <use lsstscope.png>
Package pdftex.def Info: lsstscope.png used on input line 197.
(pdftex.def)             Requested size: 21.60535pt x 19.91684pt.

Overfull \hbox (40.82938pt too wide) has occurred while \output is active
[]|  [][][] 
 []

[14

] <images/xptracker.png, id=452, 603.6954pt x 492.3996pt>
File: images/xptracker.png Graphic file (type png)

<use images/xptracker.png>
Package pdftex.def Info: images/xptracker.png used on input line 204.
(pdftex.def)             Requested size: 277.69989pt x 226.49904pt.

Overfull \vbox (9.37755pt too high) detected at line 204
 []

File: lsst_logo_notext.png Graphic file (type png)
<use lsst_logo_notext.png>
Package pdftex.def Info: lsst_logo_notext.png used on input line 204.
(pdftex.def)             Requested size: 70.12799pt x 19.91684pt.
File: lsstscope.png Graphic file (type png)
 <use lsstscope.png>
Package pdftex.def Info: lsstscope.png used on input line 204.
(pdftex.def)             Requested size: 21.60535pt x 19.91684pt.

Overfull \hbox (40.82938pt too wide) has occurred while \output is active
[]|  [][][] 
 []

[15

 <./images/xptracker.png>]
<images/gplan.png, id=483, 744.381pt x 576.7146pt>
File: images/gplan.png Graphic file (type png)
 <use images/gplan.png>
Package pdftex.def Info: images/gplan.png used on input line 214.
(pdftex.def)             Requested size: 295.05713pt x 228.59616pt.

Overfull \vbox (1.57468pt too high) detected at line 214
 []

File: lsst_logo_notext.png Graphic file (type png)
<use lsst_logo_notext.png>
Package pdftex.def Info: lsst_logo_notext.png used on input line 214.
(pdftex.def)             Requested size: 70.12799pt x 19.91684pt.
File: lsstscope.png Graphic file (type png)
 <use lsstscope.png>
Package pdftex.def Info: lsstscope.png used on input line 214.
(pdftex.def)             Requested size: 21.60535pt x 19.91684pt.

Overfull \hbox (40.82938pt too wide) has occurred while \output is active
[]|  [][][] 
 []

[16

 <./images/gplan.png>]
Missing character: There is no ‚ in font cmss10!
Missing character: There is no Ä in font cmss10!
Missing character: There is no ò in font cmss10!
Missing character: There is no ‚ in font cmss10!
Missing character: There is no Ä in font cmss10!
Missing character: There is no ô in font cmss10!
Missing character: There is no ‚ in font cmss10!
Missing character: There is no Ä in font cmss10!
Missing character: There is no ì in font cmss10!
File: lsst_logo_notext.png Graphic file (type png)
 <use lsst_logo_notext.png>
Package pdftex.def Info: lsst_logo_notext.png used on input line 241.
(pdftex.def)             Requested size: 70.12799pt x 19.91684pt.
File: lsstscope.png Graphic file (type png)
 <use lsstscope.png>
Package pdftex.def Info: lsstscope.png used on input line 241.
(pdftex.def)             Requested size: 21.60535pt x 19.91684pt.

Overfull \hbox (40.82938pt too wide) has occurred while \output is active
[]|  [][][] 
 []

[17

]
Missing character: There is no ‚ in font cmss10!
Missing character: There is no Ä in font cmss10!
Missing character: There is no ô in font cmss10!
Missing character: There is no ‚ in font cmss10!
Missing character: There is no Ä in font cmss10!
Missing character: There is no ô in font cmss10!
File: lsst_logo_notext.png Graphic file (type png)
 <use lsst_logo_notext.png>
Package pdftex.def Info: lsst_logo_notext.png used on input line 269.
(pdftex.def)             Requested size: 70.12799pt x 19.91684pt.
File: lsstscope.png Graphic file (type png)
 <use lsstscope.png>
Package pdftex.def Info: lsstscope.png used on input line 269.
(pdftex.def)             Requested size: 21.60535pt x 19.91684pt.

Overfull \hbox (40.82938pt too wide) has occurred while \output is active
[]|  [][][] 
 []

[18

]
Missing character: There is no ‚ in font cmss10!
Missing character: There is no Ä in font cmss10!
Missing character: There is no ì in font cmss10!
File: lsst_logo_notext.png Graphic file (type png)
 <use lsst_logo_notext.png>
Package pdftex.def Info: lsst_logo_notext.png used on input line 303.
(pdftex.def)             Requested size: 70.12799pt x 19.91684pt.
File: lsstscope.png Graphic file (type png)
 <use lsstscope.png>
Package pdftex.def Info: lsstscope.png used on input line 303.
(pdftex.def)             Requested size: 21.60535pt x 19.91684pt.

Overfull \hbox (40.82938pt too wide) has occurred while \output is active
[]|  [][][] 
 []

[19

]
Missing character: There is no ‚ in font cmss10!
Missing character: There is no Ä in font cmss10!
Missing character: There is no ì in font cmss10!
File: lsst_logo_notext.png Graphic file (type png)
 <use lsst_logo_notext.png>
Package pdftex.def Info: lsst_logo_notext.png used on input line 322.
(pdftex.def)             Requested size: 70.12799pt x 19.91684pt.
File: lsstscope.png Graphic file (type png)
 <use lsstscope.png>
Package pdftex.def Info: lsstscope.png used on input line 322.
(pdftex.def)             Requested size: 21.60535pt x 19.91684pt.

Overfull \hbox (40.82938pt too wide) has occurred while \output is active
[]|  [][][] 
 []

[20

]
Missing character: There is no ‚ in font cmss10!
Missing character: There is no Ä in font cmss10!
Missing character: There is no ú in font cmss10!
Missing character: There is no ‚ in font cmss10!
Missing character: There is no Ä in font cmss10!
Missing character: There is no ù in font cmss10!
Missing character: There is no ‚ in font cmss10!
Missing character: There is no Ä in font cmss10!
Missing character: There is no ì in font cmss10!
Missing character: There is no ‚ in font cmss10!
Missing character: There is no Ä in font cmss10!
Missing character: There is no ì in font cmss10!
Missing character: There is no ‚ in font cmss10!
Missing character: There is no Ä in font cmss10!
Missing character: There is no ì in font cmss10!
Missing character: There is no ‚ in font cmss10!
Missing character: There is no Ä in font cmss10!
Missing character: There is no ì in font cmss10!
File: lsst_logo_notext.png Graphic file (type png)
 <use lsst_logo_notext.png>
Package pdftex.def Info: lsst_logo_notext.png used on input line 345.
(pdftex.def)             Requested size: 70.12799pt x 19.91684pt.
File: lsstscope.png Graphic file (type png)
 <use lsstscope.png>
Package pdftex.def Info: lsstscope.png used on input line 345.
(pdftex.def)             Requested size: 21.60535pt x 19.91684pt.

Overfull \hbox (40.82938pt too wide) has occurred while \output is active
[]|  [][][] 
 []

[21

] <images/bamrec.png, id=656, 523.7166pt x 370.5042pt>
File: images/bamrec.png Graphic file (type png)

<use images/bamrec.png>
Package pdftex.def Info: images/bamrec.png used on input line 357.
(pdftex.def)             Requested size: 277.69989pt x 196.46805pt.
File: lsst_logo_notext.png Graphic file (type png)
 <use lsst_logo_notext.png>
Package pdftex.def Info: lsst_logo_notext.png used on input line 357.
(pdftex.def)             Requested size: 70.12799pt x 19.91684pt.
File: lsstscope.png Graphic file (type png)
 <use lsstscope.png>
Package pdftex.def Info: lsstscope.png used on input line 357.
(pdftex.def)             Requested size: 21.60535pt x 19.91684pt.

Overfull \hbox (40.82938pt too wide) has occurred while \output is active
[]|  [][][] 
 []

[22

 <./images/bamrec.png>]
Missing character: There is no ‚ in font cmss10!
Missing character: There is no Ä in font cmss10!
Missing character: There is no ¶ in font cmss10!
Missing character: There is no ‚ in font cmss10!
Missing character: There is no Ä in font cmss10!
Missing character: There is no ¶ in font cmss10!
Missing character: There is no ‚ in font cmss10!
Missing character: There is no Ä in font cmss10!
Missing character: There is no ì in font cmss10!
File: lsst_logo_notext.png Graphic file (type png)
 <use lsst_logo_notext.png>
Package pdftex.def Info: lsst_logo_notext.png used on input line 380.
(pdftex.def)             Requested size: 70.12799pt x 19.91684pt.
File: lsstscope.png Graphic file (type png)
 <use lsstscope.png>
Package pdftex.def Info: lsstscope.png used on input line 380.
(pdftex.def)             Requested size: 21.60535pt x 19.91684pt.

Overfull \hbox (40.82938pt too wide) has occurred while \output is active
[]|  [][][] 
 []

[23

]
Missing character: There is no ‚ in font cmss10!
Missing character: There is no Ä in font cmss10!
Missing character: There is no ¶ in font cmss10!
File: lsst_logo_notext.png Graphic file (type png)
 <use lsst_logo_notext.png>
Package pdftex.def Info: lsst_logo_notext.png used on input line 393.
(pdftex.def)             Requested size: 70.12799pt x 19.91684pt.
File: lsstscope.png Graphic file (type png)
 <use lsstscope.png>
Package pdftex.def Info: lsstscope.png used on input line 393.
(pdftex.def)             Requested size: 21.60535pt x 19.91684pt.

Overfull \hbox (40.82938pt too wide) has occurred while \output is active
[]|  [][][] 
 []

[24

]
Missing character: There is no ‚ in font cmss10!
Missing character: There is no Ä in font cmss10!
Missing character: There is no ì in font cmss10!
Missing character: There is no ‚ in font cmss10!
Missing character: There is no Ä in font cmss10!
Missing character: There is no ì in font cmss10!
 <images/reviews.png, id=744, 1066.98625pt x 319.1925pt>
File: images/reviews.png Graphic file (type png)

<use images/reviews.png>
Package pdftex.def Info: images/reviews.png used on input line 414.
(pdftex.def)             Requested size: 277.69989pt x 83.07576pt.
File: lsst_logo_notext.png Graphic file (type png)
 <use lsst_logo_notext.png>
Package pdftex.def Info: lsst_logo_notext.png used on input line 414.
(pdftex.def)             Requested size: 70.12799pt x 19.91684pt.
File: lsstscope.png Graphic file (type png)
 <use lsstscope.png>
Package pdftex.def Info: lsstscope.png used on input line 414.
(pdftex.def)             Requested size: 21.60535pt x 19.91684pt.

Overfull \hbox (40.82938pt too wide) has occurred while \output is active
[]|  [][][] 
 []

[25

 <./images/reviews.png>]) (./conc.tex
Missing character: There is no ‚ in font cmss10!
Missing character: There is no Ä in font cmss10!
Missing character: There is no ú in font cmss10!
Missing character: There is no ‚ in font cmss10!
Missing character: There is no Ä in font cmss10!
Missing character: There is no ù in font cmss10!
Missing character: There is no ‚ in font cmss10!
Missing character: There is no Ä in font cmss10!
Missing character: There is no ¶ in font cmss10!
File: lsst_logo_notext.png Graphic file (type png)
 <use lsst_logo_notext.png>
Package pdftex.def Info: lsst_logo_notext.png used on input line 15.
(pdftex.def)             Requested size: 70.12799pt x 19.91684pt.
File: lsstscope.png Graphic file (type png)

<use lsstscope.png>
Package pdftex.def Info: lsstscope.png used on input line 15.
(pdftex.def)             Requested size: 21.60535pt x 19.91684pt.

Overfull \hbox (40.82938pt too wide) has occurred while \output is active
[]|  [][][] 
 []

[26

] <images/silverbullet.png, id=803, 627.7854pt x 221.1462pt>
File: images/silverbullet.png Graphic file (type png)

<use images/silverbullet.png>
Package pdftex.def Info: images/silverbullet.png used on input line 26.
(pdftex.def)             Requested size: 312.40907pt x 110.04977pt.
File: lsst_logo_notext.png Graphic file (type png)
 <use lsst_logo_notext.png>
Package pdftex.def Info: lsst_logo_notext.png used on input line 26.
(pdftex.def)             Requested size: 70.12799pt x 19.91684pt.
File: lsstscope.png Graphic file (type png)
 <use lsstscope.png>
Package pdftex.def Info: lsstscope.png used on input line 26.
(pdftex.def)             Requested size: 21.60535pt x 19.91684pt.

Overfull \hbox (40.82938pt too wide) has occurred while \output is active
[]|  [][][] 
 []

[27

 <./images/silverbullet.png>])

Package hyperref Warning: Token not allowed in a PDF string (PDFDocEncoding):
(hyperref)                removing `\translate ' on input line 48.

(./bib.tex (./WOM_AGILE.toc)
File: lsst_logo_notext.png Graphic file (type png)
 <use lsst_logo_notext.png>
Package pdftex.def Info: lsst_logo_notext.png used on input line 1.
(pdftex.def)             Requested size: 70.12799pt x 19.91684pt.
File: lsstscope.png Graphic file (type png)
 <use lsstscope.png>
Package pdftex.def Info: lsstscope.png used on input line 1.
(pdftex.def)             Requested size: 21.60535pt x 19.91684pt.

Overfull \hbox (40.82938pt too wide) has occurred while \output is active
[]|  [][][] 
 []

[28

] (./acronyms.tex
Underfull \vbox (badness 10000) detected at line 20
 []

)
File: lsst_logo_notext.png Graphic file (type png)
 <use lsst_logo_notext.png>
Package pdftex.def Info: lsst_logo_notext.png used on input line 6.
(pdftex.def)             Requested size: 70.12799pt x 19.91684pt.
File: lsstscope.png Graphic file (type png)
 <use lsstscope.png>
Package pdftex.def Info: lsstscope.png used on input line 6.
(pdftex.def)             Requested size: 21.60535pt x 19.91684pt.

Overfull \hbox (40.82938pt too wide) has occurred while \output is active
[]|  [][][] 
 []

[29

] (./WOM_AGILE.toc)
File: lsst_logo_notext.png Graphic file (type png)
 <use lsst_logo_notext.png>
Package pdftex.def Info: lsst_logo_notext.png used on input line 8.
(pdftex.def)             Requested size: 70.12799pt x 19.91684pt.
File: lsstscope.png Graphic file (type png)
 <use lsstscope.png>
Package pdftex.def Info: lsstscope.png used on input line 8.
(pdftex.def)             Requested size: 21.60535pt x 19.91684pt.

Overfull \hbox (40.82938pt too wide) has occurred while \output is active
[]|  [][][] 
 []

[30

] (./WOM_AGILE.bbl)
File: lsst_logo_notext.png Graphic file (type png)
 <use lsst_logo_notext.png>
Package pdftex.def Info: lsst_logo_notext.png used on input line 15.
(pdftex.def)             Requested size: 70.12799pt x 19.91684pt.
File: lsstscope.png Graphic file (type png)
 <use lsstscope.png>
Package pdftex.def Info: lsstscope.png used on input line 15.
(pdftex.def)             Requested size: 21.60535pt x 19.91684pt.

Overfull \hbox (40.82938pt too wide) has occurred while \output is active
[]|  [][][] 
 []

[31

])
\tf@nav=\write6
\openout6 = `WOM_AGILE.nav'.

\tf@toc=\write7
\openout7 = `WOM_AGILE.toc'.

\tf@snm=\write8
\openout8 = `WOM_AGILE.snm'.



Package natbib Warning: There were undefined citations.

Package atveryend Info: Empty hook `BeforeClearDocument' on input line 49.
Package atveryend Info: Empty hook `AfterLastShipout' on input line 49.
(./WOM_AGILE.aux)
Package atveryend Info: Executing hook `AtVeryEndDocument' on input line 49.
Package atveryend Info: Executing hook `AtEndAfterFileList' on input line 49.
Package rerunfilecheck Info: File `WOM_AGILE.out' has not changed.
(rerunfilecheck)             Checksum: A2203452E6FF9EFD5B3D18C54E41EEB9;145.


LaTeX Font Warning: Size substitutions with differences
(Font)              up to 1.0pt have occurred.


LaTeX Font Warning: Some font shapes were not available, defaults substituted.

Package atveryend Info: Empty hook `AtVeryVeryEnd' on input line 49.
 ) 
Here is how much of TeX's memory you used:
 21426 strings out of 493315
 438301 string characters out of 6137903
 538328 words of memory out of 5000000
 24251 multiletter control sequences out of 15000+600000
 14434 words of font info for 55 fonts, out of 8000000 for 9000
 957 hyphenation exceptions out of 8191
 55i,19n,63p,421b,863s stack positions out of 5000i,500n,10000p,200000b,80000s
</usr/local/texlive/2013/texmf-dist/fonts/type1/public/amsfonts/cm/cmmi10.pfb
></usr/local/texlive/2013/texmf-dist/fonts/type1/public/amsfonts/cm/cmmi8.pfb><
/usr/local/texlive/2013/texmf-dist/fonts/type1/public/amsfonts/cm/cmss10.pfb></
usr/local/texlive/2013/texmf-dist/fonts/type1/public/amsfonts/cm/cmss12.pfb></u
sr/local/texlive/2013/texmf-dist/fonts/type1/public/amsfonts/cm/cmss8.pfb></usr
/local/texlive/2013/texmf-dist/fonts/type1/public/amsfonts/cm/cmss9.pfb></usr/l
ocal/texlive/2013/texmf-dist/fonts/type1/public/amsfonts/cm/cmssbx10.pfb></usr/
local/texlive/2013/texmf-dist/fonts/type1/public/amsfonts/cm/cmssi10.pfb></usr/
local/texlive/2013/texmf-dist/fonts/type1/public/amsfonts/cm/cmsy10.pfb></usr/l
ocal/texlive/2013/texmf-dist/fonts/type1/public/amsfonts/cm/cmsy6.pfb></usr/loc
al/texlive/2013/texmf-dist/fonts/type1/public/amsfonts/cm/cmsy9.pfb></usr/local
/texlive/2013/texmf-dist/fonts/type1/public/amsfonts/cm/cmtt8.pfb>
Output written on WOM_AGILE.pdf (31 pages, 5618465 bytes).
PDF statistics:
 1011 PDF objects out of 1200 (max. 8388607)
 923 compressed objects within 10 object streams
 68 named destinations out of 1000 (max. 500000)
 132 words of extra memory for PDF output out of 10000 (max. 10000000)

